d:\etudes\esiea\a2\math algebre\s1\tp rendue 3d\finalproject\realtimerendering_basecode\realtimerendering\x64\release\window.obj
d:\etudes\esiea\a2\math algebre\s1\tp rendue 3d\finalproject\realtimerendering_basecode\realtimerendering\x64\release\vector.obj
d:\etudes\esiea\a2\math algebre\s1\tp rendue 3d\finalproject\realtimerendering_basecode\realtimerendering\x64\release\timer.obj
d:\etudes\esiea\a2\math algebre\s1\tp rendue 3d\finalproject\realtimerendering_basecode\realtimerendering\x64\release\tools.obj
d:\etudes\esiea\a2\math algebre\s1\tp rendue 3d\finalproject\realtimerendering_basecode\realtimerendering\x64\release\shader.obj
d:\etudes\esiea\a2\math algebre\s1\tp rendue 3d\finalproject\realtimerendering_basecode\realtimerendering\x64\release\settings.obj
d:\etudes\esiea\a2\math algebre\s1\tp rendue 3d\finalproject\realtimerendering_basecode\realtimerendering\x64\release\scene.obj
d:\etudes\esiea\a2\math algebre\s1\tp rendue 3d\finalproject\realtimerendering_basecode\realtimerendering\x64\release\renderer.obj
d:\etudes\esiea\a2\math algebre\s1\tp rendue 3d\finalproject\realtimerendering_basecode\realtimerendering\x64\release\graphics.obj
d:\etudes\esiea\a2\math algebre\s1\tp rendue 3d\finalproject\realtimerendering_basecode\realtimerendering\x64\release\object.obj
d:\etudes\esiea\a2\math algebre\s1\tp rendue 3d\finalproject\realtimerendering_basecode\realtimerendering\x64\release\mesh.obj
d:\etudes\esiea\a2\math algebre\s1\tp rendue 3d\finalproject\realtimerendering_basecode\realtimerendering\x64\release\matrix.obj
d:\etudes\esiea\a2\math algebre\s1\tp rendue 3d\finalproject\realtimerendering_basecode\realtimerendering\x64\release\material.obj
d:\etudes\esiea\a2\math algebre\s1\tp rendue 3d\finalproject\realtimerendering_basecode\realtimerendering\x64\release\main.obj
d:\etudes\esiea\a2\math algebre\s1\tp rendue 3d\finalproject\realtimerendering_basecode\realtimerendering\x64\release\camera.obj
d:\etudes\esiea\a2\math algebre\s1\tp rendue 3d\finalproject\realtimerendering_basecode\bin\realtimerendering.exe
d:\etudes\esiea\a2\math algebre\s1\tp rendue 3d\finalproject\realtimerendering_basecode\realtimerendering\x64\release\realtimerendering.ipdb
d:\etudes\esiea\a2\math algebre\s1\tp rendue 3d\finalproject\realtimerendering_basecode\bin\realtimerendering.pdb
d:\etudes\esiea\a2\math algebre\s1\tp rendue 3d\finalproject\realtimerendering_basecode\realtimerendering\x64\release\realtimerendering.iobj
d:\etudes\esiea\a2\math algebre\s1\tp rendue 3d\finalproject\realtimerendering_basecode\realtimerendering\x64\release\realtime.d54c3bfb.tlog\cl.command.1.tlog
d:\etudes\esiea\a2\math algebre\s1\tp rendue 3d\finalproject\realtimerendering_basecode\realtimerendering\x64\release\realtime.d54c3bfb.tlog\cl.items.tlog
d:\etudes\esiea\a2\math algebre\s1\tp rendue 3d\finalproject\realtimerendering_basecode\realtimerendering\x64\release\realtime.d54c3bfb.tlog\cl.read.1.tlog
d:\etudes\esiea\a2\math algebre\s1\tp rendue 3d\finalproject\realtimerendering_basecode\realtimerendering\x64\release\realtime.d54c3bfb.tlog\cl.write.1.tlog
d:\etudes\esiea\a2\math algebre\s1\tp rendue 3d\finalproject\realtimerendering_basecode\realtimerendering\x64\release\realtime.d54c3bfb.tlog\link.command.1.tlog
d:\etudes\esiea\a2\math algebre\s1\tp rendue 3d\finalproject\realtimerendering_basecode\realtimerendering\x64\release\realtime.d54c3bfb.tlog\link.read.1.tlog
d:\etudes\esiea\a2\math algebre\s1\tp rendue 3d\finalproject\realtimerendering_basecode\realtimerendering\x64\release\realtime.d54c3bfb.tlog\link.write.1.tlog
