  Camera.c
  main.c
D:\Etudes\ESIEA\A2\MATH ALGEBRE\S1\TP RENDUE 3D\FinalProject\RealTimeRendering_Basecode\RealTimeRendering\main.c(118,35): warning C4305: '-=' : troncation de 'double' à 'float'
D:\Etudes\ESIEA\A2\MATH ALGEBRE\S1\TP RENDUE 3D\FinalProject\RealTimeRendering_Basecode\RealTimeRendering\main.c(64,10): warning C4101: 'meshCenter' : variable locale non référencée
D:\Etudes\ESIEA\A2\MATH ALGEBRE\S1\TP RENDUE 3D\FinalProject\RealTimeRendering_Basecode\RealTimeRendering\main.c(96,10): warning C4101: 'maxLight' : variable locale non référencée
  Material.c
  Matrix.c
  Mesh.c
  Object.c
  Graphics.c
  Renderer.c
  Scene.c
  Settings.c
  Shader.c
D:\Etudes\ESIEA\A2\MATH ALGEBRE\S1\TP RENDUE 3D\FinalProject\RealTimeRendering_Basecode\RealTimeRendering\Shader.c(51,10): warning C4101: 'edge1' : variable locale non référencée
D:\Etudes\ESIEA\A2\MATH ALGEBRE\S1\TP RENDUE 3D\FinalProject\RealTimeRendering_Basecode\RealTimeRendering\Shader.c(52,10): warning C4101: 'edge2' : variable locale non référencée
D:\Etudes\ESIEA\A2\MATH ALGEBRE\S1\TP RENDUE 3D\FinalProject\RealTimeRendering_Basecode\RealTimeRendering\Shader.c(296,31): warning C4020: 'Vec3_Abs' : paramètres réels trop nombreux
D:\Etudes\ESIEA\A2\MATH ALGEBRE\S1\TP RENDUE 3D\FinalProject\RealTimeRendering_Basecode\RealTimeRendering\Shader.c(262,10): warning C4101: 'reflect' : variable locale non référencée
D:\Etudes\ESIEA\A2\MATH ALGEBRE\S1\TP RENDUE 3D\FinalProject\RealTimeRendering_Basecode\RealTimeRendering\Shader.c(362,39): warning C4020: 'Vec3_Abs' : paramètres réels trop nombreux
  Tools.c
  Timer.c
  Vector.c
  Window.c
  Génération de code en cours...
  RealTimeRendering.vcxproj -> D:\Etudes\ESIEA\A2\MATH ALGEBRE\S1\TP RENDUE 3D\FinalProject\RealTimeRendering_Basecode\Bin\RealTimeRendering.exe
